<?xml version="1.0" encoding="UTF-8" ?>
<testsuite tests="1" failures="0" name="org.swapna.mission.WebApplicationContextTest" time="0.001" errors="1" skipped="0">
  <properties>
[...]
</properties>
  <testcase classname="org.swapna.mission.WebApplicationContextTest" name="testRegistrationController" time="0.001">
    <error message="org/springframework/ui/Model" type="java.lang.NoClassDefFoundError">java.lang.NoClassDefFoundError: org/springframework/ui/Model
	at org.swapna.mission.controller.EmpController.registrationController(EmpController.java:48)
	at org.swapna.mission.WebApplicationContextTest.testRegistrationController(WebApplicationContextTest.java:21)
	at sun.reflect.NativeMethodAccessorImpl.invoke0(Native Method)
	at sun.reflect.NativeMethodAccessorImpl.invoke(Unknown Source)
	at sun.reflect.DelegatingMethodAccessorImpl.invoke(Unknown Source)
	at java.lang.reflect.Method.invoke(Unknown Source)
	at org.junit.runners.model.FrameworkMethod$1.runReflectiveCall(FrameworkMethod.java:44)
	at org.junit.internal.runners.model.ReflectiveCallable.run(ReflectiveCallable.java:15)
	at org.junit.runners.model.FrameworkMethod.invokeExplosively(FrameworkMethod.java:41)
	at org.junit.internal.runners.statements.InvokeMethod.evaluate(InvokeMethod.java:20)
	at org.junit.runners.BlockJUnit4ClassRunner.runChild(BlockJUnit4ClassRunner.java:76)
	at org.junit.runners.BlockJUnit4ClassRunner.runChild(BlockJUnit4ClassRunner.java:50)
	at org.junit.runners.ParentRunner$3.run(ParentRunner.java:193)
	at org.junit.runners.ParentRunner$1.schedule(ParentRunner.java:52)
	at org.junit.runners.ParentRunner.runChildren(ParentRunner.java:191)
	at org.junit.runners.ParentRunner.access$000(ParentRunner.java:42)
	at org.junit.runners.ParentRunner$2.evaluate(ParentRunner.java:184)
	at org.junit.runners.ParentRunner.run(ParentRunner.java:236)
	at org.apache.maven.surefire.junit4.JUnit4Provider.execute(JUnit4Provider.java:252)
	at org.apache.maven.surefire.junit4.JUnit4Provider.executeTestSet(JUnit4Provider.java:141)
	at org.apache.maven.surefire.junit4.JUnit4Provider.invoke(JUnit4Provider.java:112)
	at sun.reflect.NativeMethodAccessorImpl.invoke0(Native Method)
	at sun.reflect.NativeMethodAccessorImpl.invoke(Unknown Source)
	at sun.reflect.DelegatingMethodAccessorImpl.invoke(Unknown Source)
	at java.lang.reflect.Method.invoke(Unknown Source)
	at org.apache.maven.surefire.util.ReflectionUtils.invokeMethodWithArray(ReflectionUtils.java:189)
	at org.apache.maven.surefire.booter.ProviderFactory$ProviderProxy.invoke(ProviderFactory.java:165)
	at org.apache.maven.surefire.booter.ProviderFactory.invokeProvider(ProviderFactory.java:85)
	at org.apache.maven.surefire.booter.ForkedBooter.runSuitesInProcess(ForkedBooter.java:115)
	at org.apache.maven.surefire.booter.ForkedBooter.main(ForkedBooter.java:75)
Caused by: java.lang.ClassNotFoundException: org.springframework.ui.Model
	at java.net.URLClassLoader$1.run(Unknown Source)
	at java.net.URLClassLoader$1.run(Unknown Source)
	at java.security.AccessController.doPrivileged(Native Method)
	at java.net.URLClassLoader.findClass(Unknown Source)
	at java.lang.ClassLoader.loadClass(Unknown Source)
	at sun.misc.Launcher$AppClassLoader.loadClass(Unknown Source)
	at java.lang.ClassLoader.loadClass(Unknown Source)
	... 30 more
Caused by: java.util.zip.ZipException: invalid LOC header (bad signature)
	at java.util.zip.ZipFile.read(Native Method)
	at java.util.zip.ZipFile.access$1400(Unknown Source)
	at java.util.zip.ZipFile$ZipFileInputStream.read(Unknown Source)
	at java.util.zip.ZipFile$ZipFileInflaterInputStream.fill(Unknown Source)
	at java.util.zip.InflaterInputStream.read(Unknown Source)
	at java.util.jar.Manifest$FastInputStream.fill(Unknown Source)
	at java.util.jar.Manifest$FastInputStream.readLine(Unknown Source)
	at java.util.jar.Manifest$FastInputStream.readLine(Unknown Source)
	at java.util.jar.Attributes.read(Unknown Source)
	at java.util.jar.Manifest.read(Unknown Source)
	at java.util.jar.Manifest.&lt;init&gt;(Unknown Source)
	at java.util.jar.JarFile.getManifestFromReference(Unknown Source)
	at java.util.jar.JarFile.getManifest(Unknown Source)
	at sun.misc.URLClassPath$JarLoader$2.getManifest(Unknown Source)
	at java.net.URLClassLoader.defineClass(Unknown Source)
	at java.net.URLClassLoader.access$100(Unknown Source)
	... 37 more
</error>
    <system-err>[main] INFO org.swapna.mission.controller.EmpController - Entered into Registration Page
</system-err>
  </testcase>
</testsuite>