<?xml version="1.0" encoding="UTF-8" ?>
<testsuite tests="1" failures="0" name="org.swapna.mission.dao.EmpDaoTest" time="0.009" errors="1" skipped="0">
  <properties>
[...]
</properties>
  <testcase classname="org.swapna.mission.dao.EmpDaoTest" name="initializationError" time="0.009">
    <error message="Could not instantiate bean class [org.springframework.test.context.support.DelegatingSmartContextLoader]: Constructor threw exception; nested exception is java.lang.NoClassDefFoundError: org/springframework/context/ConfigurableApplicationContext" type="org.springframework.beans.BeanInstantiationException">org.springframework.beans.BeanInstantiationException: Could not instantiate bean class [org.springframework.test.context.support.DelegatingSmartContextLoader]: Constructor threw exception; nested exception is java.lang.NoClassDefFoundError: org/springframework/context/ConfigurableApplicationContext
	at org.springframework.beans.BeanUtils.instantiateClass(BeanUtils.java:162)
	at org.springframework.beans.BeanUtils.instantiateClass(BeanUtils.java:104)
	at org.springframework.beans.BeanUtils.instantiateClass(BeanUtils.java:129)
	at org.springframework.test.context.ContextLoaderUtils.resolveContextLoader(ContextLoaderUtils.java:118)
	at org.springframework.test.context.ContextLoaderUtils.buildMergedContextConfiguration(ContextLoaderUtils.java:594)
	at org.springframework.test.context.ContextLoaderUtils.buildMergedContextConfiguration(ContextLoaderUtils.java:560)
	at org.springframework.test.context.TestContext.&lt;init&gt;(TestContext.java:99)
	at org.springframework.test.context.TestContextManager.&lt;init&gt;(TestContextManager.java:117)
	at org.springframework.test.context.junit4.SpringJUnit4ClassRunner.createTestContextManager(SpringJUnit4ClassRunner.java:119)
	at org.springframework.test.context.junit4.SpringJUnit4ClassRunner.&lt;init&gt;(SpringJUnit4ClassRunner.java:108)
	at sun.reflect.NativeConstructorAccessorImpl.newInstance0(Native Method)
	at sun.reflect.NativeConstructorAccessorImpl.newInstance(Unknown Source)
	at sun.reflect.DelegatingConstructorAccessorImpl.newInstance(Unknown Source)
	at java.lang.reflect.Constructor.newInstance(Unknown Source)
	at org.junit.internal.builders.AnnotatedBuilder.buildRunner(AnnotatedBuilder.java:31)
	at org.junit.internal.builders.AnnotatedBuilder.runnerForClass(AnnotatedBuilder.java:24)
	at org.junit.runners.model.RunnerBuilder.safeRunnerForClass(RunnerBuilder.java:57)
	at org.junit.internal.builders.AllDefaultPossibilitiesBuilder.runnerForClass(AllDefaultPossibilitiesBuilder.java:29)
	at org.junit.runners.model.RunnerBuilder.safeRunnerForClass(RunnerBuilder.java:57)
	at org.junit.internal.requests.ClassRequest.getRunner(ClassRequest.java:24)
	at org.apache.maven.surefire.junit4.JUnit4Provider.execute(JUnit4Provider.java:250)
	at org.apache.maven.surefire.junit4.JUnit4Provider.executeTestSet(JUnit4Provider.java:141)
	at org.apache.maven.surefire.junit4.JUnit4Provider.invoke(JUnit4Provider.java:112)
	at sun.reflect.NativeMethodAccessorImpl.invoke0(Native Method)
	at sun.reflect.NativeMethodAccessorImpl.invoke(Unknown Source)
	at sun.reflect.DelegatingMethodAccessorImpl.invoke(Unknown Source)
	at java.lang.reflect.Method.invoke(Unknown Source)
	at org.apache.maven.surefire.util.ReflectionUtils.invokeMethodWithArray(ReflectionUtils.java:189)
	at org.apache.maven.surefire.booter.ProviderFactory$ProviderProxy.invoke(ProviderFactory.java:165)
	at org.apache.maven.surefire.booter.ProviderFactory.invokeProvider(ProviderFactory.java:85)
	at org.apache.maven.surefire.booter.ForkedBooter.runSuitesInProcess(ForkedBooter.java:115)
	at org.apache.maven.surefire.booter.ForkedBooter.main(ForkedBooter.java:75)
Caused by: java.lang.NoClassDefFoundError: org/springframework/context/ConfigurableApplicationContext
	at org.springframework.test.context.support.DelegatingSmartContextLoader.&lt;init&gt;(DelegatingSmartContextLoader.java:35)
	at sun.reflect.NativeConstructorAccessorImpl.newInstance0(Native Method)
	at sun.reflect.NativeConstructorAccessorImpl.newInstance(Unknown Source)
	at sun.reflect.DelegatingConstructorAccessorImpl.newInstance(Unknown Source)
	at java.lang.reflect.Constructor.newInstance(Unknown Source)
	at org.springframework.beans.BeanUtils.instantiateClass(BeanUtils.java:147)
	... 31 more
Caused by: java.lang.ClassNotFoundException: org.springframework.context.ConfigurableApplicationContext
	at java.net.URLClassLoader$1.run(Unknown Source)
	at java.net.URLClassLoader$1.run(Unknown Source)
	at java.security.AccessController.doPrivileged(Native Method)
	at java.net.URLClassLoader.findClass(Unknown Source)
	at java.lang.ClassLoader.loadClass(Unknown Source)
	at sun.misc.Launcher$AppClassLoader.loadClass(Unknown Source)
	at java.lang.ClassLoader.loadClass(Unknown Source)
	... 37 more
Caused by: java.util.zip.ZipException: invalid LOC header (bad signature)
	at java.util.zip.ZipFile.read(Native Method)
	at java.util.zip.ZipFile.access$1400(Unknown Source)
	at java.util.zip.ZipFile$ZipFileInputStream.read(Unknown Source)
	at java.util.zip.ZipFile$ZipFileInflaterInputStream.fill(Unknown Source)
	at java.util.zip.InflaterInputStream.read(Unknown Source)
	at java.util.jar.Manifest$FastInputStream.fill(Unknown Source)
	at java.util.jar.Manifest$FastInputStream.readLine(Unknown Source)
	at java.util.jar.Manifest$FastInputStream.readLine(Unknown Source)
	at java.util.jar.Attributes.read(Unknown Source)
	at java.util.jar.Manifest.read(Unknown Source)
	at java.util.jar.Manifest.&lt;init&gt;(Unknown Source)
	at java.util.jar.JarFile.getManifestFromReference(Unknown Source)
	at java.util.jar.JarFile.getManifest(Unknown Source)
	at sun.misc.URLClassPath$JarLoader$2.getManifest(Unknown Source)
	at java.net.URLClassLoader.defineClass(Unknown Source)
	at java.net.URLClassLoader.access$100(Unknown Source)
	... 44 more
</error>
    <system-err>SLF4J: Class path contains multiple SLF4J bindings.
SLF4J: Found binding in [jar:file:/C:/Users/Admin/.m2/repository/org/slf4j/slf4j-simple/1.7.7/slf4j-simple-1.7.7.jar!/org/slf4j/impl/StaticLoggerBinder.class]
SLF4J: Found binding in [jar:file:/C:/Users/Admin/.m2/repository/org/slf4j/slf4j-log4j12/1.6.6/slf4j-log4j12-1.6.6.jar!/org/slf4j/impl/StaticLoggerBinder.class]
SLF4J: See http://www.slf4j.org/codes.html#multiple_bindings for an explanation.
SLF4J: Actual binding is of type [org.slf4j.impl.SimpleLoggerFactory]
</system-err>
  </testcase>
</testsuite>